Using pre-set license
Built from '2020.3/staging' branch; Version is '2020.3.11f1 (99c7afb366b3) revision 10078127'; Using compiler version '192528614'; Build Type 'Release'
OS: 'Windows 10 Pro; OS build 19041.1052; Version 2004; 64bit' Language: 'es' Physical Memory: 8128 MB
BatchMode: 1, IsHumanControllingUs: 0, StartBugReporterOnCrash: 0, Is64bit: 1, IsPro: 0

 COMMAND LINE ARGUMENTS:
C:\Program Files\Unity\Hub\Editor\2020.3.11f1\Editor\Unity.exe
-adb2
-batchMode
-noUpm
-name
AssetImportWorker0
-projectPath
C:/Users/Alfonso/Documents/GitHub/Unity-Games/Great Space Battles
-logFile
Logs/AssetImportWorker0.log
-srvPort
53639
Successfully changed project path to: C:/Users/Alfonso/Documents/GitHub/Unity-Games/Great Space Battles
C:/Users/Alfonso/Documents/GitHub/Unity-Games/Great Space Battles
Using Asset Import Pipeline V2.
Refreshing native plugins compatible for Editor in 34.07 ms, found 2 plugins.
Preloading 0 native plugins for Editor in 0.00 ms.
Initialize engine version: 2020.3.11f1 (99c7afb366b3)
[Subsystems] Discovering subsystems at path C:/Program Files/Unity/Hub/Editor/2020.3.11f1/Editor/Data/Resources/UnitySubsystems
[Subsystems] Discovering subsystems at path C:/Users/Alfonso/Documents/GitHub/Unity-Games/Great Space Battles/Assets
GfxDevice: creating device client; threaded=0
Direct3D:
    Version:  Direct3D 11.0 [level 11.1]
    Renderer: NVIDIA GeForce GTX 1050 Ti (ID=0x1c82)
    Vendor:   
    VRAM:     4018 MB
    Driver:   27.21.14.5671
Initialize mono
Mono path[0] = 'C:/Program Files/Unity/Hub/Editor/2020.3.11f1/Editor/Data/Managed'
Mono path[1] = 'C:/Program Files/Unity/Hub/Editor/2020.3.11f1/Editor/Data/MonoBleedingEdge/lib/mono/unityjit'
Mono config path = 'C:/Program Files/Unity/Hub/Editor/2020.3.11f1/Editor/Data/MonoBleedingEdge/etc'
Using monoOptions --debugger-agent=transport=dt_socket,embedding=1,server=y,suspend=n,address=127.0.0.1:56136
Begin MonoManager ReloadAssembly
Registering precompiled unity dll's ...
Register platform support module: C:/Program Files/Unity/Hub/Editor/2020.3.11f1/Editor/Data/PlaybackEngines/WebGLSupport/UnityEditor.WebGL.Extensions.dll
Register platform support module: C:/Program Files/Unity/Hub/Editor/2020.3.11f1/Editor/Data/PlaybackEngines/WindowsStandaloneSupport/UnityEditor.WindowsStandalone.Extensions.dll
Registered in 0.002778 seconds.
Native extension for WindowsStandalone target not found
Native extension for WebGL target not found
Refreshing native plugins compatible for Editor in 30.32 ms, found 2 plugins.
Preloading 0 native plugins for Editor in 0.00 ms.
Mono: successfully reloaded assembly
- Completed reload, in  1.174 seconds
Platform modules already initialized, skipping
Registering precompiled user dll's ...
Registered in 0.004803 seconds.
Begin MonoManager ReloadAssembly
Native extension for WindowsStandalone target not found
Native extension for WebGL target not found
Refreshing native plugins compatible for Editor in 0.36 ms, found 2 plugins.
Preloading 0 native plugins for Editor in 0.00 ms.
Mono: successfully reloaded assembly
- Completed reload, in  1.031 seconds
Platform modules already initialized, skipping
========================================================================
Worker process is ready to serve import requests
Launched and connected shader compiler UnityShaderCompiler.exe after 0.06 seconds
Refreshing native plugins compatible for Editor in 0.50 ms, found 2 plugins.
Preloading 0 native plugins for Editor in 0.00 ms.
Unloading 1761 Unused Serialized files (Serialized files now loaded: 0)
System memory in use before: 82.4 MB.
System memory in use after: 82.4 MB.

Unloading 77 unused Assets to reduce memory usage. Loaded Objects now: 2191.
Total: 2.352600 ms (FindLiveObjects: 0.162600 ms CreateObjectMapping: 0.053900 ms MarkObjects: 1.967100 ms  DeleteObjects: 0.168000 ms)

========================================================================
Received Import Request.
  path: Assets/Prefabs/Defenses/BasicArmor.prefab
  artifactKey: Guid(7882717827dd2ab4783321507813d4e0) Importer(815301076,1909f56bfc062723c751e8b465ee728b)
Start importing Assets/Prefabs/Defenses/BasicArmor.prefab using Guid(7882717827dd2ab4783321507813d4e0) Importer(815301076,1909f56bfc062723c751e8b465ee728b)  -> (artifact id: '5baa0d9ae909a7175e0779eeae37b409') in 0.082495 seconds
  Import took 0.085212 seconds .

========================================================================
Received Import Request.
  Time since last request: 349.761999 seconds.
  path: Assets/Prefabs/Defenses/ArchArmor.prefab
  artifactKey: Guid(546ffd071619d41448994fe8197ea2ce) Importer(815301076,1909f56bfc062723c751e8b465ee728b)
Start importing Assets/Prefabs/Defenses/ArchArmor.prefab using Guid(546ffd071619d41448994fe8197ea2ce) Importer(815301076,1909f56bfc062723c751e8b465ee728b)  -> (artifact id: 'ee7316eec5d6a4b003306208665cf146') in 0.011416 seconds
  Import took 0.014248 seconds .

========================================================================
Received Import Request.
  Time since last request: 55.892966 seconds.
  path: Assets/Prefabs/Defenses/ArchArmor.prefab
  artifactKey: Guid(546ffd071619d41448994fe8197ea2ce) Importer(815301076,1909f56bfc062723c751e8b465ee728b)
Start importing Assets/Prefabs/Defenses/ArchArmor.prefab using Guid(546ffd071619d41448994fe8197ea2ce) Importer(815301076,1909f56bfc062723c751e8b465ee728b)  -> (artifact id: '572ac27351edb2cad6df1b490df3382c') in 0.003982 seconds
  Import took 0.007290 seconds .

========================================================================
Received Import Request.
  Time since last request: 19.553574 seconds.
  path: Assets/Prefabs/Ships/Corvette_Blue.prefab
  artifactKey: Guid(9431862c7f6c84d49b8f5a1225835a28) Importer(815301076,1909f56bfc062723c751e8b465ee728b)
Start importing Assets/Prefabs/Ships/Corvette_Blue.prefab using Guid(9431862c7f6c84d49b8f5a1225835a28) Importer(815301076,1909f56bfc062723c751e8b465ee728b)  -> (artifact id: 'e75711d589dd018a9373b416fae23435') in 0.016956 seconds
  Import took 0.020012 seconds .

========================================================================
Received Import Request.
  Time since last request: 129.229663 seconds.
  path: Assets/Prefabs/Defenses/ArchArmor.prefab
  artifactKey: Guid(546ffd071619d41448994fe8197ea2ce) Importer(815301076,1909f56bfc062723c751e8b465ee728b)
Start importing Assets/Prefabs/Defenses/ArchArmor.prefab using Guid(546ffd071619d41448994fe8197ea2ce) Importer(815301076,1909f56bfc062723c751e8b465ee728b)  -> (artifact id: 'b620af5bf02abe514b8871b467960609') in 0.003789 seconds
  Import took 0.006792 seconds .

========================================================================
Received Import Request.
  Time since last request: 1.402389 seconds.
  path: Assets/Prefabs/Defenses/ArchArmor.prefab
  artifactKey: Guid(546ffd071619d41448994fe8197ea2ce) Importer(815301076,1909f56bfc062723c751e8b465ee728b)
Start importing Assets/Prefabs/Defenses/ArchArmor.prefab using Guid(546ffd071619d41448994fe8197ea2ce) Importer(815301076,1909f56bfc062723c751e8b465ee728b)  -> (artifact id: '7cf1b5f6cb632f1c1952868757c8413f') in 0.003450 seconds
  Import took 0.006582 seconds .

========================================================================
Received Import Request.
  Time since last request: 284.968115 seconds.
  path: Assets/Prefabs/Misc/Thruster.prefab
  artifactKey: Guid(39afb5c236fff044296456ad9c7a797d) Importer(815301076,1909f56bfc062723c751e8b465ee728b)
Start importing Assets/Prefabs/Misc/Thruster.prefab using Guid(39afb5c236fff044296456ad9c7a797d) Importer(815301076,1909f56bfc062723c751e8b465ee728b)  -> (artifact id: 'a57adcad690e04c13bbbfa1817722e4c') in 0.008462 seconds
  Import took 0.011439 seconds .

========================================================================
Received Import Request.
  Time since last request: 426.678670 seconds.
  path: Assets/Prefabs/Misc/Thruster.prefab
  artifactKey: Guid(39afb5c236fff044296456ad9c7a797d) Importer(815301076,1909f56bfc062723c751e8b465ee728b)
Start importing Assets/Prefabs/Misc/Thruster.prefab using Guid(39afb5c236fff044296456ad9c7a797d) Importer(815301076,1909f56bfc062723c751e8b465ee728b)  -> (artifact id: 'a4ee656915b9149d9e446b8fced2164d') in 0.018032 seconds
  Import took 0.021313 seconds .

========================================================================
Received Import Request.
  Time since last request: 229.979690 seconds.
  path: Assets/Prefabs/Defenses/CircularArmor.prefab
  artifactKey: Guid(440e8d32c2c137045bf96a41af9db49a) Importer(815301076,1909f56bfc062723c751e8b465ee728b)
Start importing Assets/Prefabs/Defenses/CircularArmor.prefab using Guid(440e8d32c2c137045bf96a41af9db49a) Importer(815301076,1909f56bfc062723c751e8b465ee728b)  -> (artifact id: 'b466bb870e3e56e6b6e4e79e0612e54b') in 0.004888 seconds
  Import took 0.007790 seconds .

========================================================================
Received Import Request.
  Time since last request: 0.001720 seconds.
  path: Assets/Prefabs/Defenses/CircularArmor.prefab
  artifactKey: Guid(440e8d32c2c137045bf96a41af9db49a) Importer(815301076,1909f56bfc062723c751e8b465ee728b)
Start importing Assets/Prefabs/Defenses/CircularArmor.prefab using Guid(440e8d32c2c137045bf96a41af9db49a) Importer(815301076,1909f56bfc062723c751e8b465ee728b)  -> (artifact id: 'b466bb870e3e56e6b6e4e79e0612e54b') in 0.003602 seconds
  Import took 0.006309 seconds .

========================================================================
Received Import Request.
  Time since last request: 6.734064 seconds.
  path: Assets/Prefabs/Defenses/CircularArmor.prefab
  artifactKey: Guid(440e8d32c2c137045bf96a41af9db49a) Importer(815301076,1909f56bfc062723c751e8b465ee728b)
Start importing Assets/Prefabs/Defenses/CircularArmor.prefab using Guid(440e8d32c2c137045bf96a41af9db49a) Importer(815301076,1909f56bfc062723c751e8b465ee728b)  -> (artifact id: 'cd00f4946c06ff0556d3d32b3a6a4401') in 0.003683 seconds
  Import took 0.006625 seconds .

========================================================================
Received Import Request.
  Time since last request: 2.992805 seconds.
  path: Assets/Prefabs/Defenses/CircularArmor.prefab
  artifactKey: Guid(440e8d32c2c137045bf96a41af9db49a) Importer(815301076,1909f56bfc062723c751e8b465ee728b)
Start importing Assets/Prefabs/Defenses/CircularArmor.prefab using Guid(440e8d32c2c137045bf96a41af9db49a) Importer(815301076,1909f56bfc062723c751e8b465ee728b)  -> (artifact id: 'a202470389f15ed94f0860a83fefeb88') in 0.004547 seconds
  Import took 0.007558 seconds .

========================================================================
Received Import Request.
  Time since last request: 180.688316 seconds.
  path: Assets/Prefabs/Defenses/Cone.prefab
  artifactKey: Guid(15a0531cd7649d44bbb67728236a3c56) Importer(815301076,1909f56bfc062723c751e8b465ee728b)
Start importing Assets/Prefabs/Defenses/Cone.prefab using Guid(15a0531cd7649d44bbb67728236a3c56) Importer(815301076,1909f56bfc062723c751e8b465ee728b)  -> (artifact id: '93e568ebdd237a539f82543fb54c358a') in 0.004930 seconds
  Import took 0.008164 seconds .

========================================================================
Received Import Request.
  Time since last request: 0.001796 seconds.
  path: Assets/Prefabs/Defenses/Cone.prefab
  artifactKey: Guid(15a0531cd7649d44bbb67728236a3c56) Importer(815301076,1909f56bfc062723c751e8b465ee728b)
Start importing Assets/Prefabs/Defenses/Cone.prefab using Guid(15a0531cd7649d44bbb67728236a3c56) Importer(815301076,1909f56bfc062723c751e8b465ee728b)  -> (artifact id: '93e568ebdd237a539f82543fb54c358a') in 0.003921 seconds
  Import took 0.006878 seconds .

========================================================================
Received Import Request.
  Time since last request: 3.864069 seconds.
  path: Assets/Prefabs/Defenses/ConeArmor.prefab
  artifactKey: Guid(15a0531cd7649d44bbb67728236a3c56) Importer(815301076,1909f56bfc062723c751e8b465ee728b)
Start importing Assets/Prefabs/Defenses/ConeArmor.prefab using Guid(15a0531cd7649d44bbb67728236a3c56) Importer(815301076,1909f56bfc062723c751e8b465ee728b)  -> (artifact id: 'e4665b1f5832c43b71b3c18f866b110c') in 0.003746 seconds
  Import took 0.006664 seconds .

========================================================================
Received Import Request.
  Time since last request: 58.019097 seconds.
  path: Assets/Prefabs/Ships/Red_Ship.prefab
  artifactKey: Guid(6e63c29b4f80cbd41abf9e76d608b9e6) Importer(815301076,1909f56bfc062723c751e8b465ee728b)
Start importing Assets/Prefabs/Ships/Red_Ship.prefab using Guid(6e63c29b4f80cbd41abf9e76d608b9e6) Importer(815301076,1909f56bfc062723c751e8b465ee728b)  -> (artifact id: 'be6517b34245e68ad1009baf7e633f5f') in 0.021523 seconds
  Import took 0.024804 seconds .

========================================================================
Received Import Request.
  Time since last request: 165.731140 seconds.
  path: Assets/Prefabs/Defenses/CircularArmor.prefab
  artifactKey: Guid(440e8d32c2c137045bf96a41af9db49a) Importer(815301076,1909f56bfc062723c751e8b465ee728b)
Start importing Assets/Prefabs/Defenses/CircularArmor.prefab using Guid(440e8d32c2c137045bf96a41af9db49a) Importer(815301076,1909f56bfc062723c751e8b465ee728b)  -> (artifact id: '653486fd4f42bb6fc6099845e588331d') in 0.004527 seconds
  Import took 0.007289 seconds .

========================================================================
Received Import Request.
  Time since last request: 0.002590 seconds.
  path: Assets/Prefabs/Defenses/CircularArmor.prefab
  artifactKey: Guid(440e8d32c2c137045bf96a41af9db49a) Importer(815301076,1909f56bfc062723c751e8b465ee728b)
Start importing Assets/Prefabs/Defenses/CircularArmor.prefab using Guid(440e8d32c2c137045bf96a41af9db49a) Importer(815301076,1909f56bfc062723c751e8b465ee728b)  -> (artifact id: '653486fd4f42bb6fc6099845e588331d') in 0.004043 seconds
  Import took 0.007007 seconds .

========================================================================
Received Import Request.
  Time since last request: 10.322564 seconds.
  path: Assets/Prefabs/Ships/Red_Ship.prefab
  artifactKey: Guid(6e63c29b4f80cbd41abf9e76d608b9e6) Importer(815301076,1909f56bfc062723c751e8b465ee728b)
Start importing Assets/Prefabs/Ships/Red_Ship.prefab using Guid(6e63c29b4f80cbd41abf9e76d608b9e6) Importer(815301076,1909f56bfc062723c751e8b465ee728b)  -> (artifact id: '2ad9e8b0c224a3f8b4d1cc19f805ddbe') in 0.010781 seconds
  Import took 0.013774 seconds .

========================================================================
Received Import Request.
  Time since last request: 172.533656 seconds.
  path: Assets/Prefabs/Ships/Red_Ship.prefab
  artifactKey: Guid(6e63c29b4f80cbd41abf9e76d608b9e6) Importer(815301076,1909f56bfc062723c751e8b465ee728b)
Start importing Assets/Prefabs/Ships/Red_Ship.prefab using Guid(6e63c29b4f80cbd41abf9e76d608b9e6) Importer(815301076,1909f56bfc062723c751e8b465ee728b)  -> (artifact id: 'd5db0d67654d76785a8f1cbf4045826d') in 0.012173 seconds
  Import took 0.015449 seconds .

========================================================================
Received Prepare
Registering precompiled user dll's ...
Registered in 0.005067 seconds.
Begin MonoManager ReloadAssembly
Native extension for WindowsStandalone target not found
Native extension for WebGL target not found
Refreshing native plugins compatible for Editor in 0.38 ms, found 2 plugins.
Preloading 0 native plugins for Editor in 0.00 ms.
Warning: Annotation not found!
UnityEngine.StackTraceUtility:ExtractStackTrace ()
UnityEditor.ProBuilder.EditorUtility:SetGizmoIconEnabled (System.Type,bool) (at Library/PackageCache/com.unity.probuilder@4.5.0/Editor/EditorCore/EditorUtility.cs:593)
UnityEditor.ProBuilder.HierarchyListener:.cctor () (at Library/PackageCache/com.unity.probuilder@4.5.0/Editor/EditorCore/HierarchyListener.cs:21)
System.Runtime.CompilerServices.RuntimeHelpers:RunClassConstructor (System.RuntimeTypeHandle)
UnityEditor.EditorAssemblies:ProcessInitializeOnLoadAttributes (System.Type[])

[Library/PackageCache/com.unity.probuilder@4.5.0/Editor/EditorCore/EditorUtility.cs line 593]

Mono: successfully reloaded assembly
- Completed reload, in  1.010 seconds
Platform modules already initialized, skipping
Refreshing native plugins compatible for Editor in 0.63 ms, found 2 plugins.
Preloading 0 native plugins for Editor in 0.00 ms.
Unloading 1728 Unused Serialized files (Serialized files now loaded: 0)
System memory in use before: 82.9 MB.
System memory in use after: 82.9 MB.

Unloading 15 unused Assets to reduce memory usage. Loaded Objects now: 2204.
Total: 2.675800 ms (FindLiveObjects: 0.168400 ms CreateObjectMapping: 0.057800 ms MarkObjects: 2.361900 ms  DeleteObjects: 0.086500 ms)

========================================================================
Received Prepare
Registering precompiled user dll's ...
Registered in 0.004751 seconds.
Begin MonoManager ReloadAssembly
Native extension for WindowsStandalone target not found
Native extension for WebGL target not found
Refreshing native plugins compatible for Editor in 0.43 ms, found 2 plugins.
Preloading 0 native plugins for Editor in 0.00 ms.
Warning: Annotation not found!
UnityEngine.StackTraceUtility:ExtractStackTrace ()
UnityEditor.ProBuilder.EditorUtility:SetGizmoIconEnabled (System.Type,bool) (at Library/PackageCache/com.unity.probuilder@4.5.0/Editor/EditorCore/EditorUtility.cs:593)
UnityEditor.ProBuilder.HierarchyListener:.cctor () (at Library/PackageCache/com.unity.probuilder@4.5.0/Editor/EditorCore/HierarchyListener.cs:21)
System.Runtime.CompilerServices.RuntimeHelpers:RunClassConstructor (System.RuntimeTypeHandle)
UnityEditor.EditorAssemblies:ProcessInitializeOnLoadAttributes (System.Type[])

[Library/PackageCache/com.unity.probuilder@4.5.0/Editor/EditorCore/EditorUtility.cs line 593]

Mono: successfully reloaded assembly
- Completed reload, in  0.995 seconds
Platform modules already initialized, skipping
Refreshing native plugins compatible for Editor in 0.38 ms, found 2 plugins.
Preloading 0 native plugins for Editor in 0.00 ms.
Unloading 1728 Unused Serialized files (Serialized files now loaded: 0)
System memory in use before: 82.9 MB.
System memory in use after: 82.9 MB.

Unloading 15 unused Assets to reduce memory usage. Loaded Objects now: 2207.
Total: 2.909400 ms (FindLiveObjects: 0.176200 ms CreateObjectMapping: 0.060300 ms MarkObjects: 2.575800 ms  DeleteObjects: 0.095900 ms)

AssetImportWorkerClient::OnTransportError - code=2 error=End of file
